p/1659857564790.png 1 0 0 180 120
p/1659857564788.png 1 0 0 180 120
p/1659857564787.png 1 0 0 180 120
p/1659857564786.png 1 0 0 180 120
p/1659857564785.png 1 0 0 180 120
p/1659857564784.png 1 0 0 180 120
p/1659857564783.png 1 0 0 180 120
p/1659857564782.png 1 0 0 180 120
p/1659857564781.png 1 0 0 180 120
p/1659857564780.png 1 0 0 180 120
p/1659857564779.png 1 0 0 180 120
p/1659857564777.png 1 0 0 180 120
p/1659857564776.png 1 0 0 180 120
p/1659857564775.png 1 0 0 180 120
p/1659857564774.png 1 0 0 180 120
p/1659857564773.png 1 0 0 180 120
p/1659857564772.png 1 0 0 180 120
p/1659857564771.png 1 0 0 180 120
p/1659857564770.png 1 0 0 180 120
p/1659857564769.png 1 0 0 180 120
p/1659857564768.png 1 0 0 180 120
p/1659857564766.png 1 0 0 180 120
p/1659857564765.png 1 0 0 180 120
p/1659857564764.png 1 0 0 180 120
p/1659857564763.png 1 0 0 180 120
p/1659857564762.png 1 0 0 180 120
p/1659857564761.png 1 0 0 180 120
p/1659857564760.png 1 0 0 180 120
p/1659857564759.png 1 0 0 180 120
p/1659857564758.png 1 0 0 180 120
p/1659857564757.png 1 0 0 180 120
p/1659857564755.png 1 0 0 180 120
p/1659857564754.png 1 0 0 180 120
p/1659857564753.png 1 0 0 180 120
p/1659857564752.png 1 0 0 180 120
p/1659857564751.png 1 0 0 180 120
p/1659857564750.png 1 0 0 180 120
p/1659857564749.png 1 0 0 180 120
p/1659857564748.png 1 0 0 180 120
p/1659857564747.png 1 0 0 180 120
p/1659857564746.png 1 0 0 180 120
p/1659857564744.png 1 0 0 180 120
p/1659857564743.png 1 0 0 180 120
p/1659857564742.png 1 0 0 180 120
p/1659857564741.png 1 0 0 180 120
p/1659857564740.png 1 0 0 180 120
p/1659857564739.png 1 0 0 180 120
p/1659857564738.png 1 0 0 180 120
p/1659857564737.png 1 0 0 180 120
p/1659857564736.png 1 0 0 180 120
p/1659857564735.png 1 0 0 180 120
p/1659857564733.png 1 0 0 180 120
p/1659857564732.png 1 0 0 180 120
p/1659857564731.png 1 0 0 180 120
p/1659857564730.png 1 0 0 180 120
p/1659857564729.png 1 0 0 180 120
p/1659857564728.png 1 0 0 180 120
p/1659857564727.png 1 0 0 180 120
p/1659857564726.png 1 0 0 180 120
p/1659857564725.png 1 0 0 180 120
p/1659857564724.png 1 0 0 180 120
p/1659857564792.png 1 0 0 180 120
p/1659857564791.png 1 0 0 180 120
p/1659857564789.png 1 0 0 180 120
p/1659857564778.png 1 0 0 180 120
p/1659857564767.png 1 0 0 180 120
p/1659857564756.png 1 0 0 180 120
p/1659857564745.png 1 0 0 180 120
p/1659857564734.png 1 0 0 180 120
p/1659857564723.png 1 0 0 180 120
p/1659857564722.png 1 0 0 180 120
p/1659857228111.png 1 0 0 180 120
p/1659857228110.png 1 0 0 180 120
p/1659857228109.png 1 0 0 180 120
p/1659857228108.png 1 0 0 180 120
p/1659857228107.png 1 0 0 180 120
p/1659857228106.png 1 0 0 180 120
p/1659857228105.png 1 0 0 180 120
p/1659857228104.png 1 0 0 180 120
p/1659857228103.png 1 0 0 180 120
p/1659857228118.png 1 0 0 180 120
p/1659857228117.png 1 0 0 180 120
p/1659857228116.png 1 0 0 180 120
p/1659857228115.png 1 0 0 180 120
p/1659857228114.png 1 0 0 180 120
p/1659857228113.png 1 0 0 180 120
p/1659857228112.png 1 0 0 180 120